#
# There is insufficient memory for the Java Runtime Environment to continue.
# Native memory allocation (malloc) failed to allocate 32744 bytes for ChunkPool::allocate
# Possible reasons:
#   The system is out of physical RAM or swap space
#   The process is running with CompressedOops enabled, and the Java Heap may be blocking the growth of the native heap
# Possible solutions:
#   Reduce memory load on the system
#   Increase physical memory or swap space
#   Check if swap backing store is full
#   Decrease Java heap size (-Xmx/-Xms)
#   Decrease number of Java threads
#   Decrease Java thread stack sizes (-Xss)
#   Set larger code cache with -XX:ReservedCodeCacheSize=
#   JVM is running with Unscaled Compressed Oops mode in which the Java heap is
#     placed in the first 4GB address space. The Java Heap base address is the
#     maximum limit for the native heap growth. Please use -XX:HeapBaseMinAddress
#     to set the Java Heap base and to place the Java Heap above 4GB virtual address.
# This output file may be truncated or incomplete.
#
#  Out of Memory Error (allocation.cpp:272), pid=25324, tid=0x0000000000002328
#
# JRE version: Java(TM) SE Runtime Environment (8.0_381) (build 1.8.0_381-b09)
# Java VM: Java HotSpot(TM) 64-Bit Server VM (25.381-b09 mixed mode windows-amd64 compressed oops)
# Failed to write core dump. Minidumps are not enabled by default on client versions of Windows
#

---------------  T H R E A D  ---------------

Current thread (0x000001bdd255b000):  JavaThread "C2 CompilerThread1" daemon [_thread_in_native, id=9000, stack(0x0000007af1100000,0x0000007af1200000)]

Stack: [0x0000007af1100000,0x0000007af1200000]
Native frames: (J=compiled Java code, j=interpreted, Vv=VM code, C=native code)
V  [jvm.dll+0x353039]
V  [jvm.dll+0x290052]
V  [jvm.dll+0x290c1d]
V  [jvm.dll+0x285255]
V  [jvm.dll+0xdbe71]
V  [jvm.dll+0xdc1cc]
V  [jvm.dll+0xdbd16]
V  [jvm.dll+0x542699]
V  [jvm.dll+0x541fb2]
V  [jvm.dll+0x4d0d2e]
V  [jvm.dll+0x4d097f]
V  [jvm.dll+0x4d0993]
V  [jvm.dll+0x4d0946]
V  [jvm.dll+0x4bdf34]
V  [jvm.dll+0x46b56f]
V  [jvm.dll+0x468c12]
V  [jvm.dll+0x452a5b]
V  [jvm.dll+0xb0766]
V  [jvm.dll+0xaee3f]
V  [jvm.dll+0x251602]
V  [jvm.dll+0x2accec]
C  [ucrtbase.dll+0x21bb2]
C  [KERNEL32.DLL+0x17614]
C  [ntdll.dll+0x526b1]


Current CompileTask:
C2:  65039 2200       4       java.util.jar.JarFile::maybeInstantiateVerifier (96 bytes)


---------------  P R O C E S S  ---------------

Java Threads: ( => current thread )
  0x000001bdd3523800 JavaThread "TestNG-test=ChromeTest-2" [_thread_blocked, id=26908, stack(0x0000007af0500000,0x0000007af0600000)]
  0x000001bdd3525000 JavaThread "TestNG-test=ChromeTest-1" [_thread_in_Java, id=26904, stack(0x0000007af0400000,0x0000007af0500000)]
  0x000001bdd4035800 JavaThread "Exec Stream Pumper" daemon [_thread_in_native, id=26360, stack(0x0000007af2200000,0x0000007af2300000)]
  0x000001bdd41b2800 JavaThread "Exec Stream Pumper" daemon [_thread_in_native, id=26356, stack(0x0000007af2100000,0x0000007af2200000)]
  0x000001bdd41b5000 JavaThread "UrlChecker-2" daemon [_thread_blocked, id=26364, stack(0x0000007af2000000,0x0000007af2100000)]
  0x000001bdd4565800 JavaThread "Exec Default Executor" daemon [_thread_in_native, id=26344, stack(0x0000007af1f00000,0x0000007af2000000)]
  0x000001bdd3c11000 JavaThread "Okio Watchdog" daemon [_thread_blocked, id=23428, stack(0x0000007af1e00000,0x0000007af1f00000)]
  0x000001bdd3c10800 JavaThread "OkHttp ConnectionPool" daemon [_thread_blocked, id=18568, stack(0x0000007af1d00000,0x0000007af1e00000)]
  0x000001bdd3be7800 JavaThread "Exec Stream Pumper" daemon [_thread_in_native, id=7108, stack(0x0000007af1a00000,0x0000007af1b00000)]
  0x000001bdd3bd2800 JavaThread "Exec Stream Pumper" daemon [_thread_in_native, id=18704, stack(0x0000007af1900000,0x0000007af1a00000)]
  0x000001bdd467f800 JavaThread "Exec Default Executor" daemon [_thread_in_native, id=20524, stack(0x0000007af1800000,0x0000007af1900000)]
  0x000001bdd35d2000 JavaThread "ReaderThread" [_thread_in_native, id=13872, stack(0x0000007af1600000,0x0000007af1700000)]
  0x000001bdd2561000 JavaThread "Service Thread" daemon [_thread_blocked, id=972, stack(0x0000007af1300000,0x0000007af1400000)]
  0x000001bdd255c800 JavaThread "C1 CompilerThread2" daemon [_thread_blocked, id=16944, stack(0x0000007af1200000,0x0000007af1300000)]
=>0x000001bdd255b000 JavaThread "C2 CompilerThread1" daemon [_thread_in_native, id=9000, stack(0x0000007af1100000,0x0000007af1200000)]
  0x000001bdd24fd800 JavaThread "C2 CompilerThread0" daemon [_thread_blocked, id=13760, stack(0x0000007af1000000,0x0000007af1100000)]
  0x000001bdd24fa800 JavaThread "Attach Listener" daemon [_thread_blocked, id=13596, stack(0x0000007af0f00000,0x0000007af1000000)]
  0x000001bdd24f9000 JavaThread "Signal Dispatcher" daemon [_thread_blocked, id=14440, stack(0x0000007af0e00000,0x0000007af0f00000)]
  0x000001bdd24dd800 JavaThread "Finalizer" daemon [_thread_blocked, id=5012, stack(0x0000007af0d00000,0x0000007af0e00000)]
  0x000001bdd1dad800 JavaThread "Reference Handler" daemon [_thread_blocked, id=18556, stack(0x0000007af0c00000,0x0000007af0d00000)]
  0x000001bdbe380000 JavaThread "main" [_thread_blocked, id=10460, stack(0x0000007af0600000,0x0000007af0700000)]

Other Threads:
  0x000001bdd24b4800 VMThread [stack: 0x0000007af0b00000,0x0000007af0c00000] [id=21656]
  0x000001bdd2581000 WatcherThread [stack: 0x0000007af1400000,0x0000007af1500000] [id=17504]

VM state:not at safepoint (normal execution)

VM Mutex/Monitor currently owned by a thread: None

heap address: 0x00000000c1e00000, size: 994 MB, Compressed Oops mode: 32-bit
Narrow klass base: 0x0000000000000000, Narrow klass shift: 3
Compressed class space size: 1073741824 Address: 0x0000000100000000

Heap:
 PSYoungGen      total 35328K, used 11267K [0x00000000eb500000, 0x00000000f0300000, 0x0000000100000000)
  eden space 32768K, 34% used [0x00000000eb500000,0x00000000ec000e18,0x00000000ed500000)
  from space 2560K, 0% used [0x00000000ed500000,0x00000000ed500000,0x00000000ed780000)
  to   space 7168K, 0% used [0x00000000efc00000,0x00000000efc00000,0x00000000f0300000)
 ParOldGen       total 37376K, used 10499K [0x00000000c1e00000, 0x00000000c4280000, 0x00000000eb500000)
  object space 37376K, 28% used [0x00000000c1e00000,0x00000000c2840f80,0x00000000c4280000)
 Metaspace       used 22787K, capacity 23526K, committed 23680K, reserved 1069056K
  class space    used 2880K, capacity 3085K, committed 3200K, reserved 1048576K

Card table byte_map: [0x000001bdcf050000,0x000001bdcf250000] byte_map_base: 0x000001bdcea41000

Marking Bits: (ParMarkBitMap*) 0x00007ff91a076040
 Begin Bits: [0x000001bdcf3a0000, 0x000001bdd0328000)
 End Bits:   [0x000001bdd0328000, 0x000001bdd12b0000)

Polling page: 0x000001bdbe330000

CodeCache: size=245760Kb used=7219Kb max_used=7234Kb free=238540Kb
 bounds [0x000001bdbfc90000, 0x000001bdc03b0000, 0x000001bdcec90000]
 total_blobs=2667 nmethods=2184 adapters=395
 compilation: enabled

Compilation events (10 events):
Event: 64.732 Thread 0x000001bdd255c800 nmethod 2196 0x000001bdc03a0e50 code [0x000001bdc03a0fa0, 0x000001bdc03a1158]
Event: 64.732 Thread 0x000001bdd255c800 2198       3       com.google.common.base.CharMatcher$IsNot::matches (14 bytes)
Event: 64.732 Thread 0x000001bdd255c800 nmethod 2198 0x000001bdc03a11d0 code [0x000001bdc03a1320, 0x000001bdc03a14d8]
Event: 64.732 Thread 0x000001bdd255c800 2197       3       java.lang.invoke.LambdaForm$MH/171497379::linkToTargetMethod (10 bytes)
Event: 64.734 Thread 0x000001bdd255c800 nmethod 2197 0x000001bdc03a1550 code [0x000001bdc03a16c0, 0x000001bdc03a1bc0]
Event: 64.734 Thread 0x000001bdd255c800 2199       3       java.util.stream.Sink$ChainedReference::end (10 bytes)
Event: 64.734 Thread 0x000001bdd255c800 nmethod 2199 0x000001bdc03a1c90 code [0x000001bdc03a1e00, 0x000001bdc03a2030]
Event: 64.894 Thread 0x000001bdd255b000 2200       4       java.util.jar.JarFile::maybeInstantiateVerifier (96 bytes)
Event: 64.914 Thread 0x000001bdd255c800 2201       3       java.lang.Boolean::equals (29 bytes)
Event: 64.916 Thread 0x000001bdd255c800 nmethod 2201 0x000001bdc03a2310 code [0x000001bdc03a2480, 0x000001bdc03a28f8]

GC Heap History (10 events):
Event: 3.825 GC heap before
{Heap before GC invocations=2 (full 0):
 PSYoungGen      total 18944K, used 18923K [0x00000000eb500000, 0x00000000eca00000, 0x0000000100000000)
  eden space 16384K, 100% used [0x00000000eb500000,0x00000000ec500000,0x00000000ec500000)
  from space 2560K, 99% used [0x00000000ec500000,0x00000000ec77acc8,0x00000000ec780000)
  to   space 2560K, 0% used [0x00000000ec780000,0x00000000ec780000,0x00000000eca00000)
 ParOldGen       total 44032K, used 707K [0x00000000c1e00000, 0x00000000c4900000, 0x00000000eb500000)
  object space 44032K, 1% used [0x00000000c1e00000,0x00000000c1eb0e50,0x00000000c4900000)
 Metaspace       used 12351K, capacity 12594K, committed 12800K, reserved 1060864K
  class space    used 1427K, capacity 1483K, committed 1536K, reserved 1048576K
Event: 3.833 GC heap after
Heap after GC invocations=2 (full 0):
 PSYoungGen      total 18944K, used 2554K [0x00000000eb500000, 0x00000000eca00000, 0x0000000100000000)
  eden space 16384K, 0% used [0x00000000eb500000,0x00000000eb500000,0x00000000ec500000)
  from space 2560K, 99% used [0x00000000ec780000,0x00000000ec9fe908,0x00000000eca00000)
  to   space 2560K, 0% used [0x00000000ec500000,0x00000000ec500000,0x00000000ec780000)
 ParOldGen       total 44032K, used 2643K [0x00000000c1e00000, 0x00000000c4900000, 0x00000000eb500000)
  object space 44032K, 6% used [0x00000000c1e00000,0x00000000c2094d98,0x00000000c4900000)
 Metaspace       used 12351K, capacity 12594K, committed 12800K, reserved 1060864K
  class space    used 1427K, capacity 1483K, committed 1536K, reserved 1048576K
}
Event: 4.808 GC heap before
{Heap before GC invocations=3 (full 0):
 PSYoungGen      total 18944K, used 18923K [0x00000000eb500000, 0x00000000eca00000, 0x0000000100000000)
  eden space 16384K, 99% used [0x00000000eb500000,0x00000000ec4fc4c8,0x00000000ec500000)
  from space 2560K, 99% used [0x00000000ec780000,0x00000000ec9fe908,0x00000000eca00000)
  to   space 2560K, 0% used [0x00000000ec500000,0x00000000ec500000,0x00000000ec780000)
 ParOldGen       total 44032K, used 2643K [0x00000000c1e00000, 0x00000000c4900000, 0x00000000eb500000)
  object space 44032K, 6% used [0x00000000c1e00000,0x00000000c2094d98,0x00000000c4900000)
 Metaspace       used 13563K, capacity 13774K, committed 14080K, reserved 1060864K
  class space    used 1598K, capacity 1683K, committed 1792K, reserved 1048576K
Event: 4.840 GC heap after
Heap after GC invocations=3 (full 0):
 PSYoungGen      total 18944K, used 2548K [0x00000000eb500000, 0x00000000eda00000, 0x0000000100000000)
  eden space 16384K, 0% used [0x00000000eb500000,0x00000000eb500000,0x00000000ec500000)
  from space 2560K, 99% used [0x00000000ec500000,0x00000000ec77d298,0x00000000ec780000)
  to   space 2560K, 0% used [0x00000000ed780000,0x00000000ed780000,0x00000000eda00000)
 ParOldGen       total 44032K, used 5532K [0x00000000c1e00000, 0x00000000c4900000, 0x00000000eb500000)
  object space 44032K, 12% used [0x00000000c1e00000,0x00000000c2367158,0x00000000c4900000)
 Metaspace       used 13563K, capacity 13774K, committed 14080K, reserved 1060864K
  class space    used 1598K, capacity 1683K, committed 1792K, reserved 1048576K
}
Event: 6.172 GC heap before
{Heap before GC invocations=4 (full 0):
 PSYoungGen      total 18944K, used 18932K [0x00000000eb500000, 0x00000000eda00000, 0x0000000100000000)
  eden space 16384K, 100% used [0x00000000eb500000,0x00000000ec500000,0x00000000ec500000)
  from space 2560K, 99% used [0x00000000ec500000,0x00000000ec77d298,0x00000000ec780000)
  to   space 2560K, 0% used [0x00000000ed780000,0x00000000ed780000,0x00000000eda00000)
 ParOldGen       total 44032K, used 5532K [0x00000000c1e00000, 0x00000000c4900000, 0x00000000eb500000)
  object space 44032K, 12% used [0x00000000c1e00000,0x00000000c2367158,0x00000000c4900000)
 Metaspace       used 16777K, capacity 17226K, committed 17280K, reserved 1064960K
  class space    used 2039K, capacity 2165K, committed 2176K, reserved 1048576K
Event: 6.184 GC heap after
Heap after GC invocations=4 (full 0):
 PSYoungGen      total 35328K, used 2548K [0x00000000eb500000, 0x00000000eda00000, 0x0000000100000000)
  eden space 32768K, 0% used [0x00000000eb500000,0x00000000eb500000,0x00000000ed500000)
  from space 2560K, 99% used [0x00000000ed780000,0x00000000ed9fd2a8,0x00000000eda00000)
  to   space 2560K, 0% used [0x00000000ed500000,0x00000000ed500000,0x00000000ed780000)
 ParOldGen       total 44032K, used 8713K [0x00000000c1e00000, 0x00000000c4900000, 0x00000000eb500000)
  object space 44032K, 19% used [0x00000000c1e00000,0x00000000c2682550,0x00000000c4900000)
 Metaspace       used 16777K, capacity 17226K, committed 17280K, reserved 1064960K
  class space    used 2039K, capacity 2165K, committed 2176K, reserved 1048576K
}
Event: 26.496 GC heap before
{Heap before GC invocations=5 (full 0):
 PSYoungGen      total 35328K, used 21777K [0x00000000eb500000, 0x00000000eda00000, 0x0000000100000000)
  eden space 32768K, 58% used [0x00000000eb500000,0x00000000ec7c7200,0x00000000ed500000)
  from space 2560K, 99% used [0x00000000ed780000,0x00000000ed9fd2a8,0x00000000eda00000)
  to   space 2560K, 0% used [0x00000000ed500000,0x00000000ed500000,0x00000000ed780000)
 ParOldGen       total 44032K, used 8713K [0x00000000c1e00000, 0x00000000c4900000, 0x00000000eb500000)
  object space 44032K, 19% used [0x00000000c1e00000,0x00000000c2682550,0x00000000c4900000)
 Metaspace       used 20426K, capacity 21118K, committed 21248K, reserved 1067008K
  class space    used 2545K, capacity 2739K, committed 2816K, reserved 1048576K
Event: 26.696 GC heap after
Heap after GC invocations=5 (full 0):
 PSYoungGen      total 35328K, used 2544K [0x00000000eb500000, 0x00000000f0300000, 0x0000000100000000)
  eden space 32768K, 0% used [0x00000000eb500000,0x00000000eb500000,0x00000000ed500000)
  from space 2560K, 99% used [0x00000000ed500000,0x00000000ed77c050,0x00000000ed780000)
  to   space 7168K, 0% used [0x00000000efc00000,0x00000000efc00000,0x00000000f0300000)
 ParOldGen       total 44032K, used 11637K [0x00000000c1e00000, 0x00000000c4900000, 0x00000000eb500000)
  object space 44032K, 26% used [0x00000000c1e00000,0x00000000c295d590,0x00000000c4900000)
 Metaspace       used 20426K, capacity 21118K, committed 21248K, reserved 1067008K
  class space    used 2545K, capacity 2739K, committed 2816K, reserved 1048576K
}
Event: 26.696 GC heap before
{Heap before GC invocations=6 (full 1):
 PSYoungGen      total 35328K, used 2544K [0x00000000eb500000, 0x00000000f0300000, 0x0000000100000000)
  eden space 32768K, 0% used [0x00000000eb500000,0x00000000eb500000,0x00000000ed500000)
  from space 2560K, 99% used [0x00000000ed500000,0x00000000ed77c050,0x00000000ed780000)
  to   space 7168K, 0% used [0x00000000efc00000,0x00000000efc00000,0x00000000f0300000)
 ParOldGen       total 44032K, used 11637K [0x00000000c1e00000, 0x00000000c4900000, 0x00000000eb500000)
  object space 44032K, 26% used [0x00000000c1e00000,0x00000000c295d590,0x00000000c4900000)
 Metaspace       used 20426K, capacity 21118K, committed 21248K, reserved 1067008K
  class space    used 2545K, capacity 2739K, committed 2816K, reserved 1048576K
Event: 26.877 GC heap after
Heap after GC invocations=6 (full 1):
 PSYoungGen      total 35328K, used 0K [0x00000000eb500000, 0x00000000f0300000, 0x0000000100000000)
  eden space 32768K, 0% used [0x00000000eb500000,0x00000000eb500000,0x00000000ed500000)
  from space 2560K, 0% used [0x00000000ed500000,0x00000000ed500000,0x00000000ed780000)
  to   space 7168K, 0% used [0x00000000efc00000,0x00000000efc00000,0x00000000f0300000)
 ParOldGen       total 37376K, used 10499K [0x00000000c1e00000, 0x00000000c4280000, 0x00000000eb500000)
  object space 37376K, 28% used [0x00000000c1e00000,0x00000000c2840f80,0x00000000c4280000)
 Metaspace       used 20426K, capacity 21118K, committed 21248K, reserved 1067008K
  class space    used 2545K, capacity 2739K, committed 2816K, reserved 1048576K
}

Deoptimization events (10 events):
Event: 26.229 Thread 0x000001bdbe380000 Uncommon trap: reason=unstable_if action=reinterpret pc=0x000001bdc00df6d4 method=java.util.HashMap.hash(Ljava/lang/Object;)I @ 1
Event: 27.592 Thread 0x000001bdbe380000 Uncommon trap: reason=unstable_if action=reinterpret pc=0x000001bdc00a0c48 method=java.util.HashMap.putVal(ILjava/lang/Object;Ljava/lang/Object;ZZ)Ljava/lang/Object; @ 162
Event: 28.852 Thread 0x000001bdbe380000 Uncommon trap: reason=class_check action=maybe_recompile pc=0x000001bdc030341c method=sun.security.util.math.intpoly.IntegerPolynomial$MutableElement.setSum(Lsun/security/util/math/IntegerModuloP;)Lsun/security/util/math/intpoly/IntegerPolynomial$MutableE
Event: 28.852 Thread 0x000001bdbe380000 Uncommon trap: reason=class_check action=maybe_recompile pc=0x000001bdc030341c method=sun.security.util.math.intpoly.IntegerPolynomial$MutableElement.setSum(Lsun/security/util/math/IntegerModuloP;)Lsun/security/util/math/intpoly/IntegerPolynomial$MutableE
Event: 28.852 Thread 0x000001bdbe380000 Uncommon trap: reason=class_check action=maybe_recompile pc=0x000001bdc030341c method=sun.security.util.math.intpoly.IntegerPolynomial$MutableElement.setSum(Lsun/security/util/math/IntegerModuloP;)Lsun/security/util/math/intpoly/IntegerPolynomial$MutableE
Event: 28.852 Thread 0x000001bdbe380000 Uncommon trap: reason=class_check action=maybe_recompile pc=0x000001bdc030341c method=sun.security.util.math.intpoly.IntegerPolynomial$MutableElement.setSum(Lsun/security/util/math/IntegerModuloP;)Lsun/security/util/math/intpoly/IntegerPolynomial$MutableE
Event: 29.836 Thread 0x000001bdbe380000 Uncommon trap: reason=unstable_if action=reinterpret pc=0x000001bdc01231e0 method=java.util.Arrays.equals([B[B)Z @ 12
Event: 30.053 Thread 0x000001bdbe380000 Uncommon trap: reason=unstable_if action=reinterpret pc=0x000001bdc0172c80 method=java.util.Properties$LineReader.readLine()I @ 37
Event: 30.053 Thread 0x000001bdbe380000 Uncommon trap: reason=unstable_if action=reinterpret pc=0x000001bdc0176530 method=java.util.Properties$LineReader.readLine()I @ 105
Event: 36.193 Thread 0x000001bdbe380000 Uncommon trap: reason=predicate action=maybe_recompile pc=0x000001bdc032a634 method=java.util.regex.Pattern$Slice.match(Ljava/util/regex/Matcher;ILjava/lang/CharSequence;)Z @ 21

Classes redefined (0 events):
No events

Internal exceptions (10 events):
Event: 25.846 Thread 0x000001bdbe380000 Exception <a 'java/net/SocketTimeoutException': Read timed out> (0x00000000ec158f90) thrown at [C:\jenkins\workspace\8-2-build-windows-x64-cygwin-sans-NAS\jdk8u381\237\hotspot\src\share\vm\prims\jni.cpp, line 737]
Event: 26.229 Thread 0x000001bdbe380000 Implicit null exception at 0x000001bdc00df0bb to 0x000001bdc00df6b9
Event: 29.836 Thread 0x000001bdbe380000 Implicit null exception at 0x000001bdc0123098 to 0x000001bdc01231cd
Event: 30.053 Thread 0x000001bdbe380000 Implicit null exception at 0x000001bdc0175eec to 0x000001bdc01764c1
Event: 36.464 Thread 0x000001bdbe380000 Exception <a 'java/net/SocketTimeoutException': Read timed out> (0x00000000eb9ab2e0) thrown at [C:\jenkins\workspace\8-2-build-windows-x64-cygwin-sans-NAS\jdk8u381\237\hotspot\src\share\vm\prims\jni.cpp, line 737]
Event: 37.272 Thread 0x000001bdd41b5000 Exception <a 'java/net/SocketTimeoutException': connect timed out> (0x00000000ebb74768) thrown at [C:\jenkins\workspace\8-2-build-windows-x64-cygwin-sans-NAS\jdk8u381\237\hotspot\src\share\vm\prims\jni.cpp, line 737]
Event: 37.796 Thread 0x000001bdd41b5000 Exception <a 'java/net/SocketTimeoutException': connect timed out> (0x00000000ebb75c48) thrown at [C:\jenkins\workspace\8-2-build-windows-x64-cygwin-sans-NAS\jdk8u381\237\hotspot\src\share\vm\prims\jni.cpp, line 737]
Event: 60.088 Thread 0x000001bdbe380000 Exception <a 'java/net/SocketTimeoutException': Read timed out> (0x00000000ebd1c378) thrown at [C:\jenkins\workspace\8-2-build-windows-x64-cygwin-sans-NAS\jdk8u381\237\hotspot\src\share\vm\prims\jni.cpp, line 737]
Event: 64.579 Thread 0x000001bdbe380000 Exception <a 'java/net/SocketTimeoutException': Read timed out> (0x00000000ebd35890) thrown at [C:\jenkins\workspace\8-2-build-windows-x64-cygwin-sans-NAS\jdk8u381\237\hotspot\src\share\vm\prims\jni.cpp, line 737]
Event: 64.594 Thread 0x000001bdbe380000 Exception <a 'java/net/SocketTimeoutException': Read timed out> (0x00000000ebd85168) thrown at [C:\jenkins\workspace\8-2-build-windows-x64-cygwin-sans-NAS\jdk8u381\237\hotspot\src\share\vm\prims\jni.cpp, line 737]

Events (10 events):
Event: 64.908 loading class org/testng/internal/Invoker$FailureContext done
Event: 64.909 loading class org/testng/internal/ParameterHandler
Event: 64.909 Executing VM operation: RevokeBias
Event: 64.909 loading class org/testng/internal/ParameterHandler done
Event: 64.909 Executing VM operation: RevokeBias done
Event: 64.914 loading class org/testng/internal/collections/ArrayIterator
Event: 64.914 loading class org/testng/internal/collections/ArrayIterator done
Event: 64.914 Executing VM operation: RevokeBias
Event: 64.916 Executing VM operation: RevokeBias done
Event: 64.918 Executing VM operation: RevokeBias


Dynamic libraries:
0x00007ff654fe0000 - 0x00007ff65502a000 	C:\Program Files\Java\jre-1.8\bin\javaw.exe
0x00007ff95c950000 - 0x00007ff95cb48000 	C:\Windows\SYSTEM32\ntdll.dll
0x00007ff95bb10000 - 0x00007ff95bbcf000 	C:\Windows\System32\KERNEL32.DLL
0x00007ff95a0c0000 - 0x00007ff95a3b6000 	C:\Windows\System32\KERNELBASE.dll
0x00007ff95c860000 - 0x00007ff95c90f000 	C:\Windows\System32\ADVAPI32.dll
0x00007ff95bbd0000 - 0x00007ff95bc6e000 	C:\Windows\System32\msvcrt.dll
0x00007ff95b330000 - 0x00007ff95b3cc000 	C:\Windows\System32\sechost.dll
0x00007ff95c5e0000 - 0x00007ff95c706000 	C:\Windows\System32\RPCRT4.dll
0x00007ff95bda0000 - 0x00007ff95bf3d000 	C:\Windows\System32\USER32.dll
0x00007ff95a980000 - 0x00007ff95a9a2000 	C:\Windows\System32\win32u.dll
0x00007ff95bd70000 - 0x00007ff95bd9c000 	C:\Windows\System32\GDI32.dll
0x00007ff95a660000 - 0x00007ff95a775000 	C:\Windows\System32\gdi32full.dll
0x00007ff95a780000 - 0x00007ff95a81d000 	C:\Windows\System32\msvcp_win.dll
0x00007ff95a3c0000 - 0x00007ff95a4c0000 	C:\Windows\System32\ucrtbase.dll
0x00007ff94a210000 - 0x00007ff94a4aa000 	C:\Windows\WinSxS\amd64_microsoft.windows.common-controls_6595b64144ccf1df_6.0.19041.1110_none_60b5254171f9507e\COMCTL32.dll
0x00007ff95b510000 - 0x00007ff95b540000 	C:\Windows\System32\IMM32.DLL
0x00007ff952750000 - 0x00007ff95276b000 	C:\Program Files\Java\jre-1.8\bin\vcruntime140.dll
0x00007ff9544b0000 - 0x00007ff9544bc000 	C:\Program Files\Java\jre-1.8\bin\vcruntime140_1.dll
0x00007ff93ed00000 - 0x00007ff93ed8e000 	C:\Program Files\Java\jre-1.8\bin\msvcp140.dll
0x00007ff919840000 - 0x00007ff91a0f0000 	C:\Program Files\Java\jre-1.8\bin\server\jvm.dll
0x00007ff95c850000 - 0x00007ff95c858000 	C:\Windows\System32\PSAPI.DLL
0x00007ff9348f0000 - 0x00007ff9348f9000 	C:\Windows\SYSTEM32\WSOCK32.dll
0x00007ff95bc70000 - 0x00007ff95bcdb000 	C:\Windows\System32\WS2_32.dll
0x00007ff951900000 - 0x00007ff95190a000 	C:\Windows\SYSTEM32\VERSION.dll
0x00007ff955170000 - 0x00007ff955197000 	C:\Windows\SYSTEM32\WINMM.dll
0x00007ff9588b0000 - 0x00007ff9588c2000 	C:\Windows\SYSTEM32\kernel.appcore.dll
0x00007ff954440000 - 0x00007ff954450000 	C:\Program Files\Java\jre-1.8\bin\verify.dll
0x00007ff94be50000 - 0x00007ff94be7b000 	C:\Program Files\Java\jre-1.8\bin\java.dll
0x00007ff94b400000 - 0x00007ff94b418000 	C:\Program Files\Java\jre-1.8\bin\zip.dll
0x00007ff95abe0000 - 0x00007ff95b324000 	C:\Windows\System32\SHELL32.dll
0x00007ff957c10000 - 0x00007ff9583a3000 	C:\Windows\SYSTEM32\windows.storage.dll
0x00007ff95bf40000 - 0x00007ff95c294000 	C:\Windows\System32\combase.dll
0x00007ff959a70000 - 0x00007ff959a9e000 	C:\Windows\SYSTEM32\Wldp.dll
0x00007ff95ab30000 - 0x00007ff95abdd000 	C:\Windows\System32\SHCORE.dll
0x00007ff95b3d0000 - 0x00007ff95b425000 	C:\Windows\System32\shlwapi.dll
0x00007ff959f60000 - 0x00007ff959f85000 	C:\Windows\SYSTEM32\profapi.dll
0x00007ff94b350000 - 0x00007ff94b36c000 	C:\Program Files\Java\jre-1.8\bin\net.dll
0x00007ff9597d0000 - 0x00007ff95983a000 	C:\Windows\system32\mswsock.dll
0x00007ff9594c0000 - 0x00007ff95958a000 	C:\Windows\SYSTEM32\DNSAPI.dll
0x00007ff959470000 - 0x00007ff9594ab000 	C:\Windows\SYSTEM32\IPHLPAPI.DLL
0x00007ff95b540000 - 0x00007ff95b548000 	C:\Windows\System32\NSI.dll
0x00007ff951910000 - 0x00007ff95191a000 	C:\Windows\System32\rasadhlp.dll
0x00007ff949c60000 - 0x00007ff949ce2000 	C:\Windows\System32\fwpuclnt.dll
0x00007ff95a570000 - 0x00007ff95a597000 	C:\Windows\System32\bcrypt.dll
0x00007ff9599c0000 - 0x00007ff9599d8000 	C:\Windows\SYSTEM32\CRYPTSP.dll
0x00007ff959070000 - 0x00007ff9590a4000 	C:\Windows\system32\rsaenh.dll
0x00007ff959f20000 - 0x00007ff959f4e000 	C:\Windows\SYSTEM32\USERENV.dll
0x00007ff95a030000 - 0x00007ff95a0b2000 	C:\Windows\System32\bcryptprimitives.dll
0x00007ff9599e0000 - 0x00007ff9599ec000 	C:\Windows\SYSTEM32\CRYPTBASE.dll
0x00007ff951550000 - 0x00007ff951567000 	C:\Windows\SYSTEM32\dhcpcsvc6.DLL
0x00007ff951920000 - 0x00007ff95193d000 	C:\Windows\SYSTEM32\dhcpcsvc.DLL
0x00007ff94ac40000 - 0x00007ff94ac53000 	C:\Program Files\Java\jre-1.8\bin\nio.dll
0x00007ff94bc20000 - 0x00007ff94bc45000 	C:\Program Files\Java\jre-1.8\bin\sunec.dll
0x00007ff956970000 - 0x00007ff95697d000 	C:\Program Files\Java\jre-1.8\bin\sunmscapi.dll
0x00007ff95a820000 - 0x00007ff95a97e000 	C:\Windows\System32\CRYPT32.dll
0x00007ff959ae0000 - 0x00007ff959b08000 	C:\Windows\SYSTEM32\ncrypt.dll
0x00007ff959aa0000 - 0x00007ff959adb000 	C:\Windows\SYSTEM32\NTASN1.dll
0x00007ff9583b0000 - 0x00007ff958594000 	C:\Windows\SYSTEM32\dbghelp.dll

VM Arguments:
jvm_args: -ea -Dfile.encoding=Cp1252 
java_command: org.testng.remote.RemoteTestNG -serport 51980 -protocol json -d D:\JavaSeleniumPlayground\Facebook\test-output D:\JavaSeleniumPlayground\Facebook\testng.xml
java_class_path (initial): D:\Oxygen 3a\eclipse\configuration\org.eclipse.osgi\1024\0\.cp\lib\testng-remote.jar;C:\Program Files\Java\jre-1.8\lib\resources.jar;C:\Program Files\Java\jre-1.8\lib\rt.jar;C:\Program Files\Java\jre-1.8\lib\jsse.jar;C:\Program Files\Java\jre-1.8\lib\jce.jar;C:\Program Files\Java\jre-1.8\lib\charsets.jar;C:\Program Files\Java\jre-1.8\lib\jfr.jar;C:\Program Files\Java\jre-1.8\lib\ext\access-bridge-64.jar;C:\Program Files\Java\jre-1.8\lib\ext\cldrdata.jar;C:\Program Files\Java\jre-1.8\lib\ext\dnsns.jar;C:\Program Files\Java\jre-1.8\lib\ext\jaccess.jar;C:\Program Files\Java\jre-1.8\lib\ext\jfxrt.jar;C:\Program Files\Java\jre-1.8\lib\ext\localedata.jar;C:\Program Files\Java\jre-1.8\lib\ext\nashorn.jar;C:\Program Files\Java\jre-1.8\lib\ext\sunec.jar;C:\Program Files\Java\jre-1.8\lib\ext\sunjce_provider.jar;C:\Program Files\Java\jre-1.8\lib\ext\sunmscapi.jar;C:\Program Files\Java\jre-1.8\lib\ext\sunpkcs11.jar;C:\Program Files\Java\jre-1.8\lib\ext\zipfs.jar;D:\JavaSeleniumPlayground\Facebook\target\classes;D:\JavaSeleniumPlayground\Facebook\CommanJarFiles\byte-buddy-1.8.3.jar;D:\JavaSeleniumPlayground\Facebook\CommanJarFiles\client-combined-3.13.0.jar;D:\JavaSeleniumPlayground\Facebook\CommanJarFiles\client-combined-3.13.0-sources.jar;D:\JavaSeleniumPlayground\Facebook\CommanJarFiles\commons-codec-1.10.jar;D:\JavaSeleniumPlayground\Facebook\CommanJarFiles\commons-collections4-4.1.jar;D:\JavaSeleniumPlayground\Facebook\CommanJarFiles\commons-exec-1.3.jar;D:\JavaSeleniumPlayground\Facebook\CommanJarFiles\commons-logging-1.2.jar;D:\JavaSeleniumPlayground\Facebook\CommanJarFiles\curvesapi-1.04.jar;D:\JavaSeleniumPlayground\Facebook\CommanJarFiles\gson-2.8.4.jar;D:\JavaSeleniumPlayground\Facebook\CommanJarFiles\guava-25.0-jre.jar;D:\JavaSeleniumPlayground\Facebook\CommanJarFiles\httpclient-4.5.5.jar;D:\JavaSeleniumPlayground\Facebook\CommanJarFiles\httpcore-4.4.9.jar;D:\JavaSeleniumPlayground\Facebook\CommanJarFiles\junit-4.12.jar;D:\JavaSeleniumPla
Launcher Type: SUN_STANDARD

Environment Variables:
PATH=C:/Program Files/Java/jre-1.8/bin/server;C:/Program Files/Java/jre-1.8/bin;C:/Program Files/Java/jre-1.8/lib/amd64;C:\Program Files (x86)\Common Files\Oracle\Java\javapath;C:\Program Files\Zulu\zulu-11\bin\;C:\Windows\system32;C:\Windows;C:\Windows\System32\Wbem;C:\Windows\System32\WindowsPowerShell\v1.0\;C:\Windows\System32\OpenSSH\;C:\Program Files (x86)\NVIDIA Corporation\PhysX\Common;C:\Program Files\NVIDIA Corporation\NVIDIA NvDLISR;C:\Program Files\nodejs\;C:\Users\Lenovo\AppData\Local\Microsoft\WindowsApps;C:\Program Files\Azure Data Studio\bin;C:\Users\Lenovo\AppData\Local\Programs\Microsoft VS Code\bin;C:\Users\Lenovo\AppData\Roaming\npm;D:\JavaSeleniumPlayground\Facebook\DataFolder;D:\JavaSeleniumPlayground\Facebook\src\Utilites;;D:\Oxygen 3a\eclipse;
USERNAME=Srikanth Chanti's
OS=Windows_NT
PROCESSOR_IDENTIFIER=Intel64 Family 6 Model 142 Stepping 9, GenuineIntel



---------------  S Y S T E M  ---------------

OS: Windows 10 , 64 bit Build 19041 (10.0.19041.3155)

CPU:total 4 (initial active 4) (2 cores per cpu, 2 threads per core) family 6 model 142 stepping 9, cmov, cx8, fxsr, mmx, sse, sse2, sse3, ssse3, sse4.1, sse4.2, popcnt, avx, avx2, aes, clmul, erms, 3dnowpref, lzcnt, ht, tsc, tscinvbit, bmi1, bmi2, adx

Memory: 4k page, physical 4066020k(87368k free), swap 16648932k(736k free)

vm_info: Java HotSpot(TM) 64-Bit Server VM (25.381-b09) for windows-amd64 JRE (1.8.0_381-b09), built on Jun 14 2023 13:50:38 by "java_re" with MS VC++ 17.1 (VS2022)

time: Mon Jul 31 19:14:05 2023
timezone: India Standard Time
elapsed time: 65.057648 seconds (0d 0h 1m 5s)

